(mmap) failed to map 65536 bytes for Failed to commit metaspace.
# Possible reasons:
#   The system is out of physical RAM or swap space
#   The process is running with CompressedOops enabled, and the Java Heap may be blocking the growth of the native heap
# Possible solutions:
#   Reduce memory load on the system
#   Increase physical memory or swap space
#   Check if swap backing store is full
#   Decrease Java heap size (-Xmx/-Xms)
#   Decrease number of Java threads
#   Decrease Java thread stack sizes (-Xss)
#   Set larger code cache with -XX:ReservedCodeCacheSize=
#     placed in the first 4GB address space. The Java Heap base address is the
#     maximum limit for the native heap growth. Please use -XX:HeapBaseMinAddress
#     to set the Java Heap base and to place the Java Heap above 4GB virtual address.
# This output file may be truncated or incomplete.
#
#  Out of Memory Error (virtualSpaceNode.cpp:110), pid=19920, tid=9452
#
# JRE version: Java(TM) SE Runtime Environment (17.0.8+9) (build 17.0.8+9-LTS-211)
# Java VM: Java HotSpot(TM) 64-Bit Server VM (17.0.8+9-LTS-211, mixed mode, sharing, tiered, compressed oops, compressed class ptrs, g1 gc, windows-amd64)
# No core dump will be written. Minidumps are not enabled by default on client versions of Windows
#

---------------  S U M M A R Y ------------

Command Line: -Dmaven.multiModuleProjectDirectory=C:\Users\hp\Desktop\Enset_bdcc\Semestre4\BigData\ProjetFDFS -Djansi.passthrough=true -Dmaven.home=C:\Program Files\JetBrains\IntelliJ IDEA 2023.2.2\plugins\maven\lib\maven3 -Dclassworlds.conf=C:\Program Files\JetBrains\IntelliJ IDEA 2023.2.2\plugins\maven\lib\maven3\bin\m2.conf -Dmaven.ext.class.path=C:\Program Files\JetBrains\IntelliJ IDEA 2023.2.2\plugins\maven\lib\maven-event-listener.jar -javaagent:C:\Program Files\JetBrains\IntelliJ IDEA 2023.2.2\lib\idea_rt.jar=59762:C:\Program Files\JetBrains\IntelliJ IDEA 2023.2.2\bin -Dfile.encoding=UTF-8 org.codehaus.classworlds.Launcher -Didea.version=2023.2.2 package install

Host: Intel(R) Core(TM) i7-4510U CPU @ 2.00GHz, 4 cores, 3G,  Windows 10 , 64 bit Build 19041 (10.0.19041.3636)
Time: Wed Mar  6 17:20:12 2024 Maroc (heure d64 bit Build 19041 (10.0.19041.3636) elapsed time: 24.961966 seconds (0d 0h 0m 24s)

---------------  T H R E A D  ---------------

Current thread (0x0000014544c14e80):  JavaThread "main" [_thread_in_vm, id=9452, stack(0x0000002745300000,0x0000002745400000)]

Stack: [0x0000002745300000,0x0000002745400000]
Native frames: (J=compiled Java code, j=interpreted, Vv=VM code, C=native code)
V  [jvm.dll+0x677d0a]
V  [jvm.dll+0x7d8c54]
V  [jvm.dll+0x7da3fe]
V  [jvm.dll+0x7daa63]
V  [jvm.dll+0x245c5f]
V  [jvm.dll+0x7d4d5b]
V  [jvm.dll+0x61dcf6]
V  [jvm.dll+0x61dd5a]
V  [jvm.dll+0x62057d]
V  [jvm.dll+0x61e6b6]
V  [jvm.dll+0x23a29f]
V  [jvm.dll+0x628445]
V  [jvm.dll+0x1e9bdd]
V  [jvm.dll+0x1ea1a5]
V  [jvm.dll+0x1eaaeb]
V  [jvm.dll+0x1e02f1]
V  [jvm.dll+0x53ddbc]
V  [jvm.dll+0x1f0c0a]
V  [jvm.dll+0x752b7d]
V  [jvm.dll+0x753f76]
V  [jvm.dll+0x412a05]
C  [java.dll+0x1a55]

Java frames: (J=compiled Java code, j=interpreted, Vv=VM code)
J 573  java.lang.ClassLoader.findBootstrapClass(Ljava/lang/String;)Ljava/lang/Class; java.base@17.0.8 (0 bytes) @ 0x0000014553faa67a [0x0000014553faa620+0x000000000000005a]
J 574 c1 jdk.internal.loader.ClassLoaders$BootClassLoader.loadClassOrNull(Ljava/lang/String;Z)Ljava/lang/Class; java.base@17.0.8 (10 bytes) @ 0x000001454c5a494c [0x000001454c5a47e0+0x000000000000016c]
J 457 c1 jdk.internal.loader.BuiltinClassLoader.loadClassOrNull(Ljava/lang/String;Z)Ljava/lang/Class; java.base@17.0.8 (143 bytes) @ 0x000001454c55256c [0x000001454c551ac0+0x0000000000000aac]
J 775 c1 jdk.internal.loader.ClassLoaders$AppClassLoader.loadClass(Ljava/lang/String;Z)Ljava/lang/Class; java.base@17.0.8 (40 bytes) @ 0x000001454c617e84 [0x000001454c617860+0x0000000000000624]
J 816 c1 java.lang.ClassLoader.loadClass(Ljava/lang/String;Z)Ljava/lang/Class; java.base@17.0.8 (121 bytes) @ 0x000001454c6301cc [0x000001454c62fe40+0x000000000000038c]
J 624 c1 org.codehaus.plexus.classworlds.realm.ClassRealm.loadClass(Ljava/lang/String;Z)Ljava/lang/Class; (33 bytes) @ 0x000001454c5bc534 [0x000001454c5bc460+0x00000000000000d4]
J 623 c1 org.codehaus.plexus.classworlds.realm.ClassRealm.loadClass(Ljava/lang/String;)Ljava/lang/Class; (7 bytes) @ 0x000001454c5bc11c [0x000001454c5bc020+0x00000000000000fc]
v  ~StubRoutines::call_stub
j  com.google.common.cache.LocalCache$Segment.newEntryArray(I)Ljava/util/concurrent/atomic/AtomicReferenceArray;+0
j  com.google.common.cache.LocalCache$Segment.<init>(Lcom/google/common/cache/LocalCache;IJLcom/google/common/cache/AbstractCache$StatsCounter;)V+40
j  com.google.common.cache.LocalCache.createSegment(IJLcom/google/common/cache/AbstractCache$StatsCounter;)Lcom/google/common/cache/LocalCache$Segment;+9
j  com.google.common.cache.LocalCache.<init>(Lcom/google/common/cache/CacheBuilder;Lcom/google/common/cache/CacheLoader;)V+453
j  com.google.common.cache.LocalCache$LocalManualCache.<init>(Lcom/google/common/cache/CacheBuilder;)V+7
j  com.google.common.cache.CacheBuilder.build()Lcom/google/common/cache/Cache;+13
j  com.google.inject.internal.WeakKeySet.<init>(Ljava/lang/Object;)V+20
j  com.google.inject.internal.InjectorJitBindingData.<init>(Ljava/util/Optional;)V+57
j  com.google.inject.internal.InjectorShell$Builder.lock()Ljava/lang/Object;+15
j  com.google.inject.internal.InternalInjectorCreator.build()Lcom/google/inject/Injector;+21
j  com.google.inject.Guice.createInjector(Lcom/google/inject/Stage;Ljava/lang/Iterable;)Lcom/google/inject/Injector;+15
j  com.google.inject.Guice.createInjector(Ljava/lang/Iterable;)Lcom/google/inject/Injector;+4
j  com.google.inject.Guice.createInjector([Lcom/google/inject/Module;)Lcom/google/inject/Injector;+4
j  org.codehaus.plexus.DefaultPlexusContainer.addPlexusInjector(Ljava/util/List;[Lcom/google/inject/Module;)Lcom/google/inject/Injector;+88
j  org.codehaus.plexus.DefaultPlexusContainer.<init>(Lorg/codehaus/plexus/ContainerConfiguration;[Lcom/google/inject/Module;)V+396
j  org.apache.maven.cli.MavenCli.container(Lorg/apache/maven/cli/CliRequest;)Lorg/codehaus/plexus/PlexusContainer;+279
j  org.apache.maven.cli.MavenCli.doMain(Lorg/apache/maven/cli/CliRequest;)I+34
j  org.apache.maven.cli.MavenCli.main([Ljava/lang/String;Lorg/codehaus/plexus/classworlds/ClassWorld;)I+24
v  ~StubRoutines::call_stub
j  jdk.internal.reflect.NativeMethodAccessorImpl.invoke0(Ljava/lang/reflect/Method;Ljava/lang/Object;[Ljava/lang/Object;)Ljava/lang/Object;+0 java.base@17.0.8
j  jdk.internal.reflect.NativeMethodAccessorImpl.invoke(Ljava/lang/Object;[Ljava/lang/Object;)Ljava/lang/Object;+133 java.base@17.0.8
j  jdk.internal.reflect.DelegatingMethodAccessorImpl.invoke(Ljava/lang/Object;[Ljava/lang/Object;)Ljava/lang/Object;+6 java.base@17.0.8
j  java.lang.reflect.Method.invoke(Ljava/lang/Object;[Ljava/lang/Object;)Ljava/lang/Object;+59 java.base@17.0.8
j  org.codehaus.plexus.classworlds.launcher.Launcher.launchEnhanced([Ljava/lang/String;)V+45
j  org.codehaus.plexus.classworlds.launcher.Launcher.launch([Ljava/lang/String;)V+2
j  org.codehaus.plexus.classworlds.launcher.Launcher.mainWithExitCode([Ljava/lang/String;)I+108
j  org.codehaus.plexus.classworlds.launcher.Launcher.main([Ljava/lang/String;)V+1
j  org.codehaus.classworlds.Launcher.main([Ljava/lang/String;)V+1
v  ~StubRoutines::call_stub

---------------  P R O C E S S  ---------------

Threads class SMR info:
_java_thread_list=0x0000014564183fc0, length=13, elements={
0x0000014544c14e80, 0x0000014544ccb370, 0x0000014544ccc1e0, 0x0000014544cdc530,
0x0000014544cdcff0, 0x0000014544cdd9a0, 0x0000014544cde350, 0x000001455fe4e2e0,
0x000001455fe4ebe0, 0x000001455feacff0, 0x0000014544cb6460, 0x00000145641b8d20,
0x00000145641c1f90
}

Java Threads: ( => current thread )
=>0x0000014544c14e80 JavaThread "main" [_thread_in_vm, id=9452, stack(0x0000002745300000,0x0000002745400000)]
  0x0000014544ccb370 JavaThread "Reference Handler" daemon [_thread_blocked, id=18844, stack(0x0000002745a00000,0x0000002745b00000)]
  0x0000014544ccc1e0 JavaThread "Finalizer" daemon [_thread_blocked, id=4424, stack(0x0000002745b00000,0x0000002745c00000)]
  0x0000014544cdc530 JavaThread "Signal Dispatcher" daemon [_thread_blocked, id=17412, stack(0x0000002745c00000,0x0000002745d00000)]
  0x0000014544cdcff0 JavaThread "Attach Listener" daemon [_thread_blocked, id=9348, stack(0x0000002745d00000,0x0000002745e00000)]
  0x0000014544cdd9a0 JavaThread "Service Thread" daemon [_thread_blocked, id=23396, stack(0x0000002745e00000,0x0000002745f00000)]
  0x0000014544cde350 JavaThread "Monitor Deflation Thread" daemon [_thread_blocked, id=11168, stack(0x0000002745f00000,0x0000002746000000)]
  0x000001455fe4e2e0 JavaThread "C2 CompilerThread0" daemon [_thread_blocked, id=16948, stack(0x0000002746000000,0x0000002746100000)]
  0x000001455fe4ebe0 JavaThread "C1 CompilerThread0" daemon [_thread_blocked, id=20576, stack(0x0000002746100000,0x0000002746200000)]
  0x000001455feacff0 JavaThread "Sweeper thread" daemon [_thread_blocked, id=13804, stack(0x0000002746200000,0x0000002746300000)]
  0x0000014544cb6460 JavaThread "Common-Cleaner" daemon [_thread_blocked, id=6708, stack(0x0000002746300000,0x0000002746400000)]
  0x00000145641b8d20 JavaThread "Monitor Ctrl-Break" daemon [_thread_in_native, id=15128, stack(0x0000002746400000,0x0000002746500000)]
  0x00000145641c1f90 JavaThread "Notification Thread" daemon [_thread_blocked, id=15316, stack(0x0000002746500000,0x0000002746600000)]

Other Threads:
  0x0000014544cc3700 VMThread "VM Thread" [stack: 0x0000002745900000,0x0000002745a00000] [id=15816] _threads_hazard_ptr=0x0000014564183fc0
  0x0000014542ac7a20 WatcherThread [stack: 0x0000002746600000,0x0000002746700000] [id=6996]
  0x0000014544c4f820 GCTaskThread "GC Thread#0" [stack: 0x0000002745400000,0x0000002745500000] [id=17668]
  0x00000145645aa730 GCTaskThread "GC Thread#1" [stack: 0x0000002746700000,0x0000002746800000] [id=7292]
  0x00000145642c3270 GCTaskThread "GC Thread#2" [stack: 0x0000002746800000,0x0000002746900000] [id=21888]
  0x00000145642c3520 GCTaskThread "GC Thread#3" [stack: 0x0000002746900000,0x0000002746a00000] [id=10256]
  0x0000014542ace0a0 ConcurrentGCThread "G1 Main Marker" [stack: 0x0000002745500000,0x0000002745600000] [id=15404]
  0x0000014542aceab0 ConcurrentGCThread "G1 Conc#0" [stack: 0x0000002745600000,0x0000002745700000] [id=1492]
  0x0000014544ca3990 ConcurrentGCThread "G1 Refine#0" [stack: 0x0000002745700000,0x0000002745800000] [id=1088]
  0x0000014544ca43b0 ConcurrentGCThread "G1 Service" [stack: 0x0000002745800000,0x0000002745900000] [id=15656]

Threads with active compile tasks:

VM state: synchronizing (normal execution)

VM Mutex/Monitor currently owned by a thread:  ([mutex/lock_event])
[0x0000014544c0d4b0] Metaspace_lock - owner thread: 0x0000014544c14e80
[0x0000014544c0ee50] Threads_lock - owner thread: 0x0000014544cc3700

Heap address: 0x00000000c1800000, size: 1000 MB, Compressed Oops mode: 32-bit

CDS archive(s) mapped at: [0x0000014500000000-0x0000014500bd0000-0x0000014500bd0000), size 12386304, SharedBaseAddress: 0x0000014500000000, ArchiveRelocationMode: 1.
Compressed class space mapped at: 0x0000014501000000-0x0000014541000000, reserved size: 1073741824
Narrow klass base: 0x0000014500000000, Narrow klass shift: 0, Narrow klass range: 0x100000000

GC Precious Log:
 CPUs: 4 total, 4 available
 Memory: 3993M
 Large Page Support: Disabled
 NUMA Support: Disabled
 Compressed Oops: Enabled (32-bit)
 Heap Region Size: 1M
 Heap Min Capacity: 8M
 Heap Initial Capacity: 64M
 Heap Max Capacity: 1000M
 Pre-touch: Disabled
 Parallel Workers: 4
 Concurrent Workers: 1
 Concurrent Refinement Workers: 4
 Periodic GC: Disabled

Heap:
 garbage-first heap   total 65536K, used 4348K [0x00000000c1800000, 0x0000000100000000)
  region size 1024K, 4 young (4096K), 2 survivors (2048K)
 Metaspace       used 4153K, committed 4288K, reserved 1114112K
  class space    used 440K, committed 512K, reserved 1048576K

Heap Regions: E=young(eden), S=young(survivor), O=old, HS=humongous(starts), HC=humongous(continues), CS=collection set, F=free, OA=open archive, CA=closed archive, TAMS=top-at-mark-start (previous, next)
|   0|0x00000000c1800000, 0x00000000c1900000, 0x00000000c1900000|100%| O|  |TAMS 0x00000000c1800000, 0x00000000c1800000| Untracked 
|   1|0x00000000c1900000, 0x00000000c193f200, 0x00000000c1a00000| 24%| O|  |TAMS 0x00000000c1900000, 0x00000000c1900000| Untracked 
|   2|0x00000000c1a00000, 0x00000000c1a00000, 0x00000000c1b00000|  0%| F|  |TAMS 0x00000000c1a00000, 0x00000000c1a00000| Untracked 
|   3|0x00000000c1b00000, 0x00000000c1b00000, 0x00000000c1c00000|  0%| F|  |TAMS 0x00000000c1b00000, 0x00000000c1b00000| Untracked 
|   4|0x00000000c1c00000, 0x00000000c1c00000, 0x00000000c1d00000|  0%| F|  |TAMS 0x00000000c1c00000, 0x00000000c1c00000| Untracked 
|   5|0x00000000c1d00000, 0x00000000c1d00000, 0x00000000c1e00000|  0%| F|  |TAMS 0x00000000c1d00000, 0x00000000c1d00000| Untracked 
|   6|0x00000000c1e00000, 0x00000000c1e00000, 0x00000000c1f00000|  0%| F|  |TAMS 0x00000000c1e00000, 0x00000000c1e00000| Untracked 
|   7|0x00000000c1f00000, 0x00000000c1f00000, 0x00000000c2000000|  0%| F|  |TAMS 0x00000000c1f00000, 0x00000000c1f00000| Untracked 
|   8|0x00000000c2000000, 0x00000000c2000000, 0x00000000c2100000|  0%| F|  |TAMS 0x00000000c2000000, 0x00000000c2000000| Untracked 
|   9|0x00000000c2100000, 0x00000000c2100000, 0x00000000c2200000|  0%| F|  |TAMS 0x00000000c2100000, 0x00000000c2100000| Untracked 
|  10|0x00000000c2200000, 0x00000000c2200000, 0x00000000c2300000|  0%| F|  |TAMS 0x00000000c2200000, 0x00000000c2200000| Untracked 
|  11|0x00000000c2300000, 0x00000000c2300000, 0x00000000c2400000|  0%| F|  |TAMS 0x00000000c2300000, 0x00000000c2300000| Untracked 
|  12|0x00000000c2400000, 0x00000000c2400000, 0x00000000c2500000|  0%| F|  |TAMS 0x00000000c2400000, 0x00000000c2400000| Untracked 
|  13|0x00000000c2500000, 0x00000000c2500000, 0x00000000c2600000|  0%| F|  |TAMS 0x00000000c2500000, 0x00000000c2500000| Untracked 
|  14|0x00000000c2600000, 0x00000000c2600000, 0x00000000c2700000|  0%| F|  |TAMS 0x00000000c2600000, 0x00000000c2600000| Untracked 
|  15|0x00000000c2700000, 0x00000000c2700000, 0x00000000c2800000|  0%| F|  |TAMS 0x00000000c2700000, 0x00000000c2700000| Untracked 
|  16|0x00000000c2800000, 0x00000000c2800000, 0x00000000c2900000|  0%| F|  |TAMS 0x00000000c2800000, 0x00000000c2800000| Untracked 
|  17|0x00000000c2900000, 0x00000000c2900000, 0x00000000c2a00000|  0%| F|  |TAMS 0x00000000c2900000, 0x00000000c2900000| Untracked 
|  18|0x00000000c2a00000, 0x00000000c2a00000, 0x00000000c2b00000|  0%| F|  |TAMS 0x00000000c2a00000, 0x00000000c2a00000| Untracked 
|  19|0x00000000c2b00000, 0x00000000c2b00000, 0x00000000c2c00000|  0%| F|  |TAMS 0x00000000c2b00000, 0x00000000c2b00000| Untracked 
|  20|0x00000000c2c00000, 0x00000000c2c00000, 0x00000000c2d00000|  0%| F|  |TAMS 0x00000000c2c00000, 0x00000000c2c00000| Untracked 
|  21|0x00000000c2d00000, 0x00000000c2d00000, 0x00000000c2e00000|  0%| F|  |TAMS 0x00000000c2d00000, 0x00000000c2d00000| Untracked 
|  22|0x00000000c2e00000, 0x00000000c2e00000, 0x00000000c2f00000|  0%| F|  |TAMS 0x00000000c2e00000, 0x00000000c2e00000| Untracked 
|  23|0x00000000c2f00000, 0x00000000c2f00000, 0x00000000c3000000|  0%| F|  |TAMS 0x00000000c2f00000, 0x00000000c2f00000| Untracked 
|  24|0x00000000c3000000, 0x00000000c3000000, 0x00000000c3100000|  0%| F|  |TAMS 0x00000000c3000000, 0x00000000c3000000| Untracked 
|  25|0x00000000c3100000, 0x00000000c3100000, 0x00000000c3200000|  0%| F|  |TAMS 0x00000000c3100000, 0x00000000c3100000| Untracked 
|  26|0x00000000c3200000, 0x00000000c3200000, 0x00000000c3300000|  0%| F|  |TAMS 0x00000000c3200000, 0x00000000c3200000| Untracked 
|  27|0x00000000c3300000, 0x00000000c3300000, 0x00000000c3400000|  0%| F|  |TAMS 0x00000000c3300000, 0x00000000c3300000| Untracked 
|  28|0x00000000c3400000, 0x00000000c3400000, 0x00000000c3500000|  0%| F|  |TAMS 0x00000000c3400000, 0x00000000c3400000| Untracked 
|  29|0x00000000c3500000, 0x00000000c3500000, 0x00000000c3600000|  0%| F|  |TAMS 0x00000000c3500000, 0x00000000c3500000| Untracked 
|  30|0x00000000c3600000, 0x00000000c3600000, 0x00000000c3700000|  0%| F|  |TAMS 0x00000000c3600000, 0x00000000c3600000| Untracked 
|  31|0x00000000c3700000, 0x00000000c3700000, 0x00000000c3800000|  0%| F|  |TAMS 0x00000000c3700000, 0x00000000c3700000| Untracked 
|  32|0x00000000c3800000, 0x00000000c3800000, 0x00000000c3900000|  0%| F|  |TAMS 0x00000000c3800000, 0x00000000c3800000| Untracked 
|  33|0x00000000c3900000, 0x00000000c3900000, 0x00000000c3a00000|  0%| F|  |TAMS 0x00000000c3900000, 0x00000000c3900000| Untracked 
|  34|0x00000000c3a00000, 0x00000000c3a00000, 0x00000000c3b00000|  0%| F|  |TAMS 0x00000000c3a00000, 0x00000000c3a00000| Untracked 
|  35|0x00000000c3b00000, 0x00000000c3b00000, 0x00000000c3c00000|  0%| F|  |TAMS 0x00000000c3b00000, 0x00000000c3b00000| Untracked 
|  36|0x00000000c3c00000, 0x00000000c3c00000, 0x00000000c3d00000|  0%| F|  |TAMS 0x00000000c3c00000, 0x00000000c3c00000| Untracked 
|  37|0x00000000c3d00000, 0x00000000c3d00000, 0x00000000c3e00000|  0%| F|  |TAMS 0x00000000c3d00000, 0x00000000c3d00000| Untracked 
|  38|0x00000000c3e00000, 0x00000000c3e00000, 0x00000000c3f00000|  0%| F|  |TAMS 0x00000000c3e00000, 0x00000000c3e00000| Untracked 
|  39|0x00000000c3f00000, 0x00000000c3f00000, 0x00000000c4000000|  0%| F|  |TAMS 0x00000000c3f00000, 0x00000000c3f00000| Untracked 
|  40|0x00000000c4000000, 0x00000000c4000000, 0x00000000c4100000|  0%| F|  |TAMS 0x00000000c4000000, 0x00000000c4000000| Untracked 
|  41|0x00000000c4100000, 0x00000000c4100000, 0x00000000c4200000|  0%| F|  |TAMS 0x00000000c4100000, 0x00000000c4100000| Untracked 
|  42|0x00000000c4200000, 0x00000000c4200000, 0x00000000c4300000|  0%| F|  |TAMS 0x00000000c4200000, 0x00000000c4200000| Untracked 
|  43|0x00000000c4300000, 0x00000000c4300000, 0x00000000c4400000|  0%| F|  |TAMS 0x00000000c4300000, 0x00000000c4300000| Untracked 
|  44|0x00000000c4400000, 0x00000000c4400000, 0x00000000c4500000|  0%| F|  |TAMS 0x00000000c4400000, 0x00000000c4400000| Untracked 
|  45|0x00000000c4500000, 0x00000000c4500000, 0x00000000c4600000|  0%| F|  |TAMS 0x00000000c4500000, 0x00000000c4500000| Untracked 
|  46|0x00000000c4600000, 0x00000000c4600000, 0x00000000c4700000|  0%| F|  |TAMS 0x00000000c4600000, 0x00000000c4600000| Untracked 
|  47|0x00000000c4700000, 0x00000000c4700000, 0x00000000c4800000|  0%| F|  |TAMS 0x00000000c4700000, 0x00000000c4700000| Untracked 
|  48|0x00000000c4800000, 0x00000000c4800000, 0x00000000c4900000|  0%| F|  |TAMS 0x00000000c4800000, 0x00000000c4800000| Untracked 
|  49|0x00000000c4900000, 0x00000000c4a00000, 0x00000000c4a00000|100%| S|CS|TAMS 0x00000000c4900000, 0x00000000c4900000| Complete 
|  50|0x00000000c4a00000, 0x00000000c4b00000, 0x00000000c4b00000|100%| S|CS|TAMS 0x00000000c4a00000, 0x00000000c4a00000| Complete 
|  51|0x00000000c4b00000, 0x00000000c4b00000, 0x00000000c4c00000|  0%| F|  |TAMS 0x00000000c4b00000, 0x00000000c4b00000| Untracked 
|  52|0x00000000c4c00000, 0x00000000c4c00000, 0x00000000c4d00000|  0%| F|  |TAMS 0x00000000c4c00000, 0x00000000c4c00000| Untracked 
|  53|0x00000000c4d00000, 0x00000000c4d00000, 0x00000000c4e00000|  0%| F|  |TAMS 0x00000000c4d00000, 0x00000000c4d00000| Untracked 
|  54|0x00000000c4e00000, 0x00000000c4e00000, 0x00000000c4f00000|  0%| F|  |TAMS 0x00000000c4e00000, 0x00000000c4e00000| Untracked 
|  55|0x00000000c4f00000, 0x00000000c4f00000, 0x00000000c5000000|  0%| F|  |TAMS 0x00000000c4f00000, 0x00000000c4f00000| Untracked 
|  56|0x00000000c5000000, 0x00000000c5000000, 0x00000000c5100000|  0%| F|  |TAMS 0x00000000c5000000, 0x00000000c5000000| Untracked 
|  57|0x00000000c5100000, 0x00000000c5100000, 0x00000000c5200000|  0%| F|  |TAMS 0x00000000c5100000, 0x00000000c5100000| Untracked 
|  58|0x00000000c5200000, 0x00000000c5200000, 0x00000000c5300000|  0%| F|  |TAMS 0x00000000c5200000, 0x00000000c5200000| Untracked 
|  59|0x00000000c5300000, 0x00000000c5300000, 0x00000000c5400000|  0%| F|  |TAMS 0x00000000c5300000, 0x00000000c5300000| Untracked 
|  60|0x00000000c5400000, 0x00000000c5400000, 0x00000000c5500000|  0%| F|  |TAMS 0x00000000c5400000, 0x00000000c5400000| Untracked 
|  61|0x00000000c5500000, 0x00000000c5500000, 0x00000000c5600000|  0%| F|  |TAMS 0x00000000c5500000, 0x00000000c5500000| Untracked 
|  62|0x00000000c5600000, 0x00000000c5640f70, 0x00000000c5700000| 25%| E|  |TAMS 0x00000000c5600000, 0x00000000c5600000| Complete 
|  63|0x00000000c5700000, 0x00000000c5800000, 0x00000000c5800000|100%| E|CS|TAMS 0x00000000c5700000, 0x00000000c5700000| Complete 

Card table byte_map: [0x000001455b6b0000,0x000001455b8b0000] _byte_map_base: 0x000001455b0a4000

Marking Bits (Prev, Next): (CMBitMap*) 0x0000014544c50e40, (CMBitMap*) 0x0000014544c50e80
 Prev Bits: [0x000001455bab0000, 0x000001455ca50000)
 Next Bits: [0x000001455ca50000, 0x000001455d9f0000)

Polling page: 0x00000145443e0000

Metaspace:

Usage:
  Non-class:      3.63 MB used.
      Class:    440.88 KB used.
       Both:      4.06 MB used.

Virtual space:
  Non-class space:       64.00 MB reserved,       3.69 MB (  6%) committed,  1 nodes.
      Class space:        1.00 GB reserved,     512.00 KB ( <1%) committed,  1 nodes.
             Both:        1.06 GB reserved,       4.19 MB ( <1%) committed. 

Chunk freelists:
   Non-Class:  10.05 MB
       Class:  15.45 MB
        Both:  25.50 MB

MaxMetaspaceSize: unlimited
CompressedClassSpaceSize: 1.00 GB
Initial GC threshold: 21.00 MB
Current GC threshold: 21.00 MB
CDS: on
MetaspaceReclaimPolicy: balanced
 - commit_granule_bytes: 65536.
 - commit_granule_words: 8192.
 - virtual_space_node_default_size: 8388608.
 - enlarge_chunks_in_place: 1.
 - new_chunks_are_fully_committed: 0.
 - uncommit_free_chunks: 1.
 - use_allocation_guard: 0.
 - handle_deallocations: 1.


Internal statistics:

num_allocs_failed_limit: 0.
num_arena_births: 28.
num_arena_deaths: 0.
num_vsnodes_births: 2.
num_vsnodes_deaths: 0.
num_space_committed: 67.
num_space_uncommitted: 0.
num_chunks_returned_to_freelist: 0.
num_chunks_taken_from_freelist: 142.
num_chunk_merges: 0.
num_chunk_splits: 93.
num_chunks_enlarged: 76.
num_purges: 0.
num_inconsistent_stats: 0.

CodeHeap 'non-profiled nmethods': size=120000Kb used=277Kb max_used=277Kb free=119722Kb
 bounds [0x0000014553f80000, 0x00000145541f0000, 0x000001455b4b0000]
CodeHeap 'profiled nmethods': size=120000Kb used=1720Kb max_used=1720Kb free=118279Kb
 bounds [0x000001454c4b0000, 0x000001454c720000, 0x00000145539e0000]
CodeHeap 'non-nmethods': size=5760Kb used=1152Kb max_used=1166Kb free=4607Kb
 bounds [0x00000145539e0000, 0x0000014553c50000, 0x0000014553f80000]
 total_blobs=1341 nmethods=897 adapters=357
 compilation: enabled
              stopped_count=0, restarted_count=0
 full_count=0

Compilation events (20 events):
Event: 23.046 Thread 0x000001455fe4ebe0  889       3       java.lang.invoke.MemberName::getName (25 bytes)
Event: 23.046 Thread 0x000001455fe4ebe0 nmethod 889 0x000001454c658590 code [0x000001454c658760, 0x000001454c658ae8]
Event: 23.061 Thread 0x000001455fe4ebe0  890       3       java.lang.ClassLoader::compareCerts (197 bytes)
Event: 23.062 Thread 0x000001455fe4ebe0 nmethod 890 0x000001454c658c10 code [0x000001454c658e20, 0x000001454c6596d8]
Event: 23.103 Thread 0x000001455fe4e2e0  891       4       sun.net.www.ParseUtil::firstEncodeIndex (86 bytes)
Event: 23.107 Thread 0x000001455fe4e2e0 nmethod 891 0x0000014553fc4e10 code [0x0000014553fc4fa0, 0x0000014553fc5198]
Event: 23.120 Thread 0x000001455fe4ebe0  892       3       java.security.AccessController::checkContext (49 bytes)
Event: 23.120 Thread 0x000001455fe4ebe0 nmethod 892 0x000001454c659990 code [0x000001454c659ba0, 0x000001454c65a298]
Event: 23.145 Thread 0x000001455fe4ebe0  893       3       java.util.TreeMap$KeySet::iterator (32 bytes)
Event: 23.146 Thread 0x000001455fe4ebe0 nmethod 893 0x000001454c65a510 code [0x000001454c65a720, 0x000001454c65aef8]
Event: 23.416 Thread 0x000001455fe4ebe0  894   !   3       java.net.URLClassLoader::findClass (47 bytes)
Event: 23.419 Thread 0x000001455fe4ebe0 nmethod 894 0x000001454c65b110 code [0x000001454c65b320, 0x000001454c65bc78]
Event: 23.419 Thread 0x000001455fe4ebe0  895       3       java.net.URLClassLoader$1::run (5 bytes)
Event: 23.420 Thread 0x000001455fe4ebe0 nmethod 895 0x000001454c65bf10 code [0x000001454c65c0c0, 0x000001454c65c208]
Event: 23.422 Thread 0x000001455fe4ebe0  896       3       java.net.URLClassLoader::getAndVerifyPackage (109 bytes)
Event: 23.430 Thread 0x000001455fe4ebe0 nmethod 896 0x000001454c65c290 code [0x000001454c65c600, 0x000001454c65d808]
Event: 23.447 Thread 0x000001455fe4ebe0  897       3       java.lang.Enum::<init> (15 bytes)
Event: 23.447 Thread 0x000001455fe4ebe0 nmethod 897 0x000001454c65de10 code [0x000001454c65dfa0, 0x000001454c65e158]
Event: 23.454 Thread 0x000001455fe4e2e0  898       4       java.lang.CharacterData::of (136 bytes)
Event: 23.455 Thread 0x000001455fe4e2e0 nmethod 898 0x0000014553fc5390 code [0x0000014553fc5500, 0x0000014553fc5598]

GC Heap History (2 events):
Event: 22.754 GC heap before
{Heap before GC invocations=0 (full 0):
 garbage-first heap   total 65536K, used 12288K [0x00000000c1800000, 0x0000000100000000)
  region size 1024K, 13 young (13312K), 0 survivors (0K)
 Metaspace       used 3825K, committed 3968K, reserved 1114112K
  class space    used 394K, committed 448K, reserved 1048576K
}
Event: 22.957 GC heap after
{Heap after GC invocations=1 (full 0):
 garbage-first heap   total 65536K, used 3324K [0x00000000c1800000, 0x0000000100000000)
  region size 1024K, 2 young (2048K), 2 survivors (2048K)
 Metaspace       used 3825K, committed 3968K, reserved 1114112K
  class space    used 394K, committed 448K, reserved 1048576K
}

Deoptimization events (20 events):
Event: 14.630 Thread 0x0000014544c14e80 Uncommon trap: trap_request=0xffffffde fr.pc=0x0000014553f9a28c relative=0x000000000000042c
Event: 14.630 Thread 0x0000014544c14e80 Uncommon trap: reason=class_check action=maybe_recompile pc=0x0000014553f9a28c method=java.util.HashMap.putVal(ILjava/lang/Object;Ljava/lang/Object;ZZ)Ljava/lang/Object; @ 253 c2
Event: 14.630 Thread 0x0000014544c14e80 DEOPT PACKING pc=0x0000014553f9a28c sp=0x00000027453fe2e0
Event: 14.630 Thread 0x0000014544c14e80 DEOPT UNPACKING pc=0x0000014553a323a3 sp=0x00000027453fe290 mode 2
Event: 15.885 Thread 0x0000014544c14e80 Uncommon trap: trap_request=0xffffffde fr.pc=0x0000014553f9a28c relative=0x000000000000042c
Event: 15.885 Thread 0x0000014544c14e80 Uncommon trap: reason=class_check action=maybe_recompile pc=0x0000014553f9a28c method=java.util.HashMap.putVal(ILjava/lang/Object;Ljava/lang/Object;ZZ)Ljava/lang/Object; @ 253 c2
Event: 15.885 Thread 0x0000014544c14e80 DEOPT PACKING pc=0x0000014553f9a28c sp=0x00000027453fe480
Event: 15.885 Thread 0x0000014544c14e80 DEOPT UNPACKING pc=0x0000014553a323a3 sp=0x00000027453fe430 mode 2
Event: 18.402 Thread 0x0000014544c14e80 Uncommon trap: trap_request=0xffffff45 fr.pc=0x0000014553f92124 relative=0x0000000000000404
Event: 18.402 Thread 0x0000014544c14e80 Uncommon trap: reason=unstable_if action=reinterpret pc=0x0000014553f92124 method=java.lang.StringLatin1.canEncode(I)Z @ 4 c2
Event: 18.473 Thread 0x0000014544c14e80 DEOPT PACKING pc=0x0000014553f92124 sp=0x00000027453fdcc0
Event: 18.473 Thread 0x0000014544c14e80 DEOPT UNPACKING pc=0x0000014553a323a3 sp=0x00000027453fdbe8 mode 2
Event: 18.473 Thread 0x0000014544c14e80 Uncommon trap: trap_request=0xffffff45 fr.pc=0x0000014553f9f410 relative=0x00000000000003f0
Event: 18.473 Thread 0x0000014544c14e80 Uncommon trap: reason=unstable_if action=reinterpret pc=0x0000014553f9f410 method=java.lang.AbstractStringBuilder.isLatin1()Z @ 10 c2
Event: 18.473 Thread 0x0000014544c14e80 DEOPT PACKING pc=0x0000014553f9f410 sp=0x00000027453fdcd0
Event: 18.473 Thread 0x0000014544c14e80 DEOPT UNPACKING pc=0x0000014553a323a3 sp=0x00000027453fdc50 mode 2
Event: 18.479 Thread 0x0000014544c14e80 Uncommon trap: trap_request=0xffffff45 fr.pc=0x0000014553f92a38 relative=0x0000000000000038
Event: 18.479 Thread 0x0000014544c14e80 Uncommon trap: reason=unstable_if action=reinterpret pc=0x0000014553f92a38 method=java.lang.StringLatin1.canEncode(I)Z @ 4 c2
Event: 18.479 Thread 0x0000014544c14e80 DEOPT PACKING pc=0x0000014553f92a38 sp=0x00000027453fdc50
Event: 18.479 Thread 0x0000014544c14e80 DEOPT UNPACKING pc=0x0000014553a323a3 sp=0x00000027453fdbe0 mode 2

Classes unloaded (0 events):
No events

Classes redefined (0 events):
No events

Internal exceptions (16 events):
Event: 5.749 Thread 0x00000145641b8d20 Exception <a 'java/lang/NoSuchMethodError'{0x00000000c5504a48}: 'java.lang.Object java.lang.invoke.DirectMethodHandle$Holder.invokeStaticInit(java.lang.Object)'> (0x00000000c5504a48) 
thrown [s\open\src\hotspot\share\interpreter\linkResolver.cpp, line 759]
Event: 6.284 Thread 0x00000145641b8d20 Exception <a 'java/lang/NoSuchMethodError'{0x00000000c55122e0}: 'void java.lang.invoke.DirectMethodHandle$Holder.invokeStatic(java.lang.Object, java.lang.Object)'> (0x00000000c55122e0) 
thrown [s\open\src\hotspot\share\interpreter\linkResolver.cpp, line 759]
Event: 6.415 Thread 0x0000014544c14e80 Exception <a 'java/lang/NoSuchMethodError'{0x00000000c556efa0}: 'int java.lang.invoke.DirectMethodHandle$Holder.invokeSpecial(java.lang.Object, java.lang.Object, java.lang.Object)'> (0x00000000c556efa0) 
thrown [s\open\src\hotspot\share\interpreter\linkResolver.cpp, line 759]
Event: 8.443 Thread 0x0000014544c14e80 Exception <a 'java/lang/NullPointerException'{0x00000000c53bf978}> (0x00000000c53bf978) 
thrown [s\open\src\hotspot\share\interpreter\linkResolver.cpp, line 1350]
Event: 13.849 Thread 0x0000014544c14e80 Exception <a 'sun/nio/fs/WindowsException'{0x00000000c5240b48}> (0x00000000c5240b48) 
thrown [s\open\src\hotspot\share\prims\jni.cpp, line 516]
Event: 13.859 Thread 0x0000014544c14e80 Exception <a 'sun/nio/fs/WindowsException'{0x00000000c52412c8}> (0x00000000c52412c8) 
thrown [s\open\src\hotspot\share\prims\jni.cpp, line 516]
Event: 13.860 Thread 0x0000014544c14e80 Exception <a 'sun/nio/fs/WindowsException'{0x00000000c52418e8}> (0x00000000c52418e8) 
thrown [s\open\src\hotspot\share\prims\jni.cpp, line 516]
Event: 13.860 Thread 0x0000014544c14e80 Exception <a 'sun/nio/fs/WindowsException'{0x00000000c5241ed0}> (0x00000000c5241ed0) 
thrown [s\open\src\hotspot\share\prims\jni.cpp, line 516]
Event: 13.860 Thread 0x0000014544c14e80 Exception <a 'sun/nio/fs/WindowsException'{0x00000000c5242430}> (0x00000000c5242430) 
thrown [s\open\src\hotspot\share\prims\jni.cpp, line 516]
Event: 13.861 Thread 0x0000014544c14e80 Exception <a 'sun/nio/fs/WindowsException'{0x00000000c5242938}> (0x00000000c5242938) 
thrown [s\open\src\hotspot\share\prims\jni.cpp, line 516]
Event: 13.897 Thread 0x0000014544c14e80 Exception <a 'sun/nio/fs/WindowsException'{0x00000000c5242e38}> (0x00000000c5242e38) 
thrown [s\open\src\hotspot\share\prims\jni.cpp, line 516]
Event: 13.897 Thread 0x0000014544c14e80 Exception <a 'sun/nio/fs/WindowsException'{0x00000000c5243540}> (0x00000000c5243540) 
thrown [s\open\src\hotspot\share\prims\jni.cpp, line 516]
Event: 14.133 Thread 0x0000014544c14e80 Exception <a 'java/lang/NoSuchMethodError'{0x00000000c52c17e0}: 'void java.lang.invoke.DirectMethodHandle$Holder.invokeStatic(java.lang.Object, java.lang.Object, java.lang.Object)'> (0x00000000c52c17e0) 
thrown [s\open\src\hotspot\share\interpreter\linkResolver.cpp, line 759]
Event: 14.265 Thread 0x0000014544c14e80 Exception <a 'java/lang/NoSuchMethodError'{0x00000000c511f578}: 'int java.lang.invoke.DirectMethodHandle$Holder.invokeStatic(java.lang.Object, java.lang.Object, int)'> (0x00000000c511f578) 
thrown [s\open\src\hotspot\share\interpreter\linkResolver.cpp, line 759]
Event: 16.769 Thread 0x0000014544c14e80 Exception <a 'java/lang/NoSuchMethodError'{0x00000000c5099058}: 'java.lang.Object java.lang.invoke.DirectMethodHandle$Holder.invokeSpecialIFC(java.lang.Object, java.lang.Object, java.lang.Object, java.lang.Object)'> (0x00000000c5099058) 
thrown [s\open\src\hotspot\share\interpreter\linkResolver.cpp, line 759]
Event: 23.045 Thread 0x0000014544c14e80 Exception <a 'java/lang/NoSuchMethodError'{0x00000000c57604d8}: 'void java.lang.invoke.DirectMethodHandle$Holder.invokeSpecial(java.lang.Object, java.lang.Object, java.lang.Object)'> (0x00000000c57604d8) 
thrown [s\open\src\hotspot\share\interpreter\linkResolver.cpp, line 759]

VM Operations (20 events):
Event: 14.580 Executing VM operation: Cleanup
Event: 14.580 Executing VM operation: Cleanup done
Event: 15.582 Executing VM operation: Cleanup
Event: 15.582 Executing VM operation: Cleanup done
Event: 16.588 Executing VM operation: Cleanup
Event: 16.588 Executing VM operation: Cleanup done
Event: 17.600 Executing VM operation: Cleanup
Event: 17.600 Executing VM operation: Cleanup done
Event: 18.609 Executing VM operation: Cleanup
Event: 18.681 Executing VM operation: Cleanup done
Event: 19.682 Executing VM operation: Cleanup
Event: 19.682 Executing VM operation: Cleanup done
Event: 20.686 Executing VM operation: Cleanup
Event: 20.686 Executing VM operation: Cleanup done
Event: 21.698 Executing VM operation: Cleanup
Event: 21.698 Executing VM operation: Cleanup done
Event: 22.710 Executing VM operation: Cleanup
Event: 22.710 Executing VM operation: Cleanup done
Event: 22.752 Executing VM operation: G1CollectForAllocation
Event: 22.962 Executing VM operation: G1CollectForAllocation done

Events (20 events):
Event: 20.564 loading class java/io/FilterReader done
Event: 21.008 loading class jdk/internal/misc/ScopedMemoryAccess$Scope
Event: 21.013 loading class jdk/internal/misc/ScopedMemoryAccess$Scope done
Event: 21.058 loading class java/util/concurrent/TimeUnit$1
Event: 21.063 loading class java/util/concurrent/TimeUnit$1 done
Event: 21.230 loading class java/util/ServiceConfigurationError
Event: 21.230 loading class java/util/ServiceConfigurationError done
Event: 21.871 loading class java/util/NoSuchElementException
Event: 21.872 loading class java/util/NoSuchElementException done
Event: 23.047 loading class java/lang/invoke/DirectMethodHandle$Special
Event: 23.048 loading class java/lang/invoke/DirectMethodHandle$Special done
Event: 23.079 loading class java/lang/InterruptedException
Event: 23.092 loading class java/lang/InterruptedException done
Event: 23.093 loading class java/util/concurrent/ExecutionException
Event: 23.102 loading class java/util/concurrent/ExecutionException done
Event: 23.448 loading class java/util/concurrent/ConcurrentLinkedQueue
Event: 23.453 loading class java/util/concurrent/ConcurrentLinkedQueue done
Event: 23.453 loading class java/util/concurrent/ConcurrentLinkedQueue$Node
Event: 23.453 loading class java/util/concurrent/ConcurrentLinkedQueue$Node done
Event: 23.649 loading class java/util/concurrent/atomic/AtomicReferenceArray


Dynamic libraries:
0x00007ff778b70000 - 0x00007ff778b80000 	C:\Users\hp\Downloads\jdk-17.0.8_windows-x64_bin\jdk-17.0.8\bin\java.exe
0x00007ffed65f0000 - 0x00007ffed67e8000 	C:\WINDOWS\SYSTEM32\ntdll.dll
0x00007ffec85d0000 - 0x00007ffec85e9000 	C:\Program Files\Avast Software\Avast\aswhook.dll
0x00007ffed63a0000 - 0x00007ffed645d000 	C:\WINDOWS\System32\KERNEL32.DLL
0x00007ffed3db0000 - 0x00007ffed40a6000 	C:\WINDOWS\System32\KERNELBASE.dll
0x00007ffed4280000 - 0x00007ffed4380000 	C:\WINDOWS\System32\ucrtbase.dll
0x00007ffec42d0000 - 0x00007ffec42e9000 	C:\Users\hp\Downloads\jdk-17.0.8_windows-x64_bin\jdk-17.0.8\bin\jli.dll
0x00007ffed4b90000 - 0x00007ffed4c43000 	C:\WINDOWS\System32\ADVAPI32.dll
0x00007ffed5a90000 - 0x00007ffed5b2e000 	C:\WINDOWS\System32\msvcrt.dll
0x00007ffed4750000 - 0x00007ffed47ef000 	C:\WINDOWS\System32\sechost.dll
0x00007ffed4c60000 - 0x00007ffed4d86000 	C:\WINDOWS\System32\RPCRT4.dll
0x00007ffed4380000 - 0x00007ffed43a7000 	C:\WINDOWS\System32\bcrypt.dll
0x00007ffed5770000 - 0x00007ffed590e000 	C:\WINDOWS\System32\USER32.dll
0x00007ffed44e0000 - 0x00007ffed4502000 	C:\WINDOWS\System32\win32u.dll
0x00007ffed5b30000 - 0x00007ffed5b5b000 	C:\WINDOWS\System32\GDI32.dll
0x00007ffed4510000 - 0x00007ffed4627000 	C:\WINDOWS\System32\gdi32full.dll
0x00007ffed43b0000 - 0x00007ffed444d000 	C:\WINDOWS\System32\msvcp_win.dll
0x00007ffec3310000 - 0x00007ffec332b000 	C:\Users\hp\Downloads\jdk-17.0.8_windows-x64_bin\jdk-17.0.8\bin\VCRUNTIME140.dll
0x00007ffed2fc0000 - 0x00007ffed325a000 	C:\WINDOWS\WinSxS\amd64_microsoft.windows.common-controls_6595b64144ccf1df_6.0.19041.3636_none_60b6a03d71f818d5\COMCTL32.dll
0x00007ffecee30000 - 0x00007ffecee3a000 	C:\WINDOWS\SYSTEM32\VERSION.dll
0x00007ffed5b90000 - 0x00007ffed5bc2000 	C:\WINDOWS\System32\IMM32.DLL
0x00007ffec3300000 - 0x00007ffec330c000 	C:\Users\hp\Downloads\jdk-17.0.8_windows-x64_bin\jdk-17.0.8\bin\vcruntime140_1.dll
0x00007ffeaf6a0000 - 0x00007ffeaf72e000 	C:\Users\hp\Downloads\jdk-17.0.8_windows-x64_bin\jdk-17.0.8\bin\msvcp140.dll
0x00007ffe7b190000 - 0x00007ffe7bd6e000 	C:\Users\hp\Downloads\jdk-17.0.8_windows-x64_bin\jdk-17.0.8\bin\server\jvm.dll
0x00007ffed4c50000 - 0x00007ffed4c58000 	C:\WINDOWS\System32\PSAPI.DLL
0x00007ffec26f0000 - 0x00007ffec26f9000 	C:\WINDOWS\SYSTEM32\WSOCK32.dll
0x00007ffed6540000 - 0x00007ffed65ab000 	C:\WINDOWS\System32\WS2_32.dll
0x00007ffeb8390000 - 0x00007ffeb83b7000 	C:\WINDOWS\SYSTEM32\WINMM.dll
0x00007ffed0d20000 - 0x00007ffed0d32000 	C:\WINDOWS\SYSTEM32\kernel.appcore.dll
0x00007ffec3020000 - 0x00007ffec302a000 	C:\Users\hp\Downloads\jdk-17.0.8_windows-x64_bin\jdk-17.0.8\bin\jimage.dll
0x00007ffed3710000 - 0x00007ffed38f4000 	C:\WINDOWS\SYSTEM32\DBGHELP.DLL
0x00007ffed3580000 - 0x00007ffed35b4000 	C:\WINDOWS\SYSTEM32\dbgcore.DLL
0x00007ffed4450000 - 0x00007ffed44d2000 	C:\WINDOWS\System32\bcryptPrimitives.dll
0x00007ffec3010000 - 0x00007ffec301e000 	C:\Users\hp\Downloads\jdk-17.0.8_windows-x64_bin\jdk-17.0.8\bin\instrument.dll
0x00007ffebeed0000 - 0x00007ffebeef5000 	C:\Users\hp\Downloads\jdk-17.0.8_windows-x64_bin\jdk-17.0.8\bin\java.dll
0x00007ffe8ee70000 - 0x00007ffe8ef47000 	C:\Users\hp\Downloads\jdk-17.0.8_windows-x64_bin\jdk-17.0.8\bin\jsvml.dll
0x00007ffed5bd0000 - 0x00007ffed6315000 	C:\WINDOWS\System32\SHELL32.dll
0x00007ffed0f60000 - 0x00007ffed16fc000 	C:\WINDOWS\SYSTEM32\windows.storage.dll
0x00007ffed4d90000 - 0x00007ffed50e4000 	C:\WINDOWS\System32\combase.dll
0x00007ffed2f20000 - 0x00007ffed2f4e000 	C:\WINDOWS\SYSTEM32\Wldp.dll
0x00007ffed50f0000 - 0x00007ffed51bd000 	C:\WINDOWS\System32\OLEAUT32.dll
0x00007ffed4630000 - 0x00007ffed46dd000 	C:\WINDOWS\System32\SHCORE.dll
0x00007ffed4b30000 - 0x00007ffed4b85000 	C:\WINDOWS\System32\shlwapi.dll
0x00007ffed3be0000 - 0x00007ffed3c05000 	C:\WINDOWS\SYSTEM32\profapi.dll
0x00007ffec2ff0000 - 0x00007ffec3008000 	C:\Users\hp\Downloads\jdk-17.0.8_windows-x64_bin\jdk-17.0.8\bin\zip.dll
0x00007ffec2f60000 - 0x00007ffec2f79000 	C:\Users\hp\Downloads\jdk-17.0.8_windows-x64_bin\jdk-17.0.8\bin\net.dll
0x00007ffec9d10000 - 0x00007ffec9e1a000 	C:\WINDOWS\SYSTEM32\WINHTTP.dll
0x00007ffed2e80000 - 0x00007ffed2eea000 	C:\WINDOWS\system32\mswsock.dll
0x00007ffec2f40000 - 0x00007ffec2f56000 	C:\Users\hp\Downloads\jdk-17.0.8_windows-x64_bin\jdk-17.0.8\bin\nio.dll
0x00007ffec2e00000 - 0x00007ffec2e1a000 	C:\Program Files\JetBrains\IntelliJ IDEA 2023.2.2\bin\breakgen64.dll
0x0000000069ac0000 - 0x0000000069ae4000 	C:\Users\hp\AppData\Local\Temp\jansi-2.4.0-46ffc128166af7a5-jansi.dll
0x00007ffec2f30000 - 0x00007ffec2f40000 	C:\Users\hp\Downloads\jdk-17.0.8_windows-x64_bin\jdk-17.0.8\bin\verify.dll

dbghelp: loaded successfully - version: 4.0.5 - missing functions: none
symbol engine: initialized successfully - sym options: 0x614 - pdb path: .;C:\Users\hp\Downloads\jdk-17.0.8_windows-x64_bin\jdk-17.0.8\bin;C:\WINDOWS\SYSTEM32;C:\Program Files\Avast Software\Avast;C:\WINDOWS\WinSxS\amd64_microsoft.windows.common-controls_6595b64144ccf1df_6.0.19041.3636_none_60b6a03d71f818d5;C:\Users\hp\Downloads\jdk-17.0.8_windows-x64_bin\jdk-17.0.8\bin\server;C:\Program Files\JetBrains\IntelliJ IDEA 2023.2.2\bin;C:\Users\hp\AppData\Local\Temp

VM Arguments:
jvm_args: -Dmaven.multiModuleProjectDirectory=C:\Users\hp\Desktop\Enset_bdcc\Semestre4\BigData\ProjetFDFS -Djansi.passthrough=true -Dmaven.home=C:\Program Files\JetBrains\IntelliJ IDEA 2023.2.2\plugins\maven\lib\maven3 -Dclassworlds.conf=C:\Program Files\JetBrains\IntelliJ IDEA 2023.2.2\plugins\maven\lib\maven3\bin\m2.conf -Dmaven.ext.class.path=C:\Program Files\JetBrains\IntelliJ IDEA 2023.2.2\plugins\maven\lib\maven-event-listener.jar -javaagent:C:\Program Files\JetBrains\IntelliJ IDEA 2023.2.2\lib\idea_rt.jar=59762:C:\Program Files\JetBrains\IntelliJ IDEA 2023.2.2\bin -Dfile.encoding=UTF-8 
java_command: org.codehaus.classworlds.Launcher -Didea.version=2023.2.2 package install
java_class_path (initial): C:\Program Files\JetBrains\IntelliJ IDEA 2023.2.2\plugins\maven\lib\maven3\boot\plexus-classworlds-2.7.0.jar;C:\Program Files\JetBrains\IntelliJ IDEA 2023.2.2\plugins\maven\lib\maven3\boot\plexus-classworlds.license
Launcher Type: SUN_STANDARD

[Global flags]
     intx CICompilerCount                          = 3                                         {product} {ergonomic}
     uint ConcGCThreads                            = 1                                         {product} {ergonomic}
     uint G1ConcRefinementThreads                  = 4                                         {product} {ergonomic}
   size_t G1HeapRegionSize                         = 1048576                                   {product} {ergonomic}
    uintx GCDrainStackTargetSize                   = 64                                        {product} {ergonomic}
   size_t InitialHeapSize                          = 67108864                                  {product} {ergonomic}
   size_t MarkStackSize                            = 4194304                                   {product} {ergonomic}
   size_t MaxHeapSize                              = 1048576000                                {product} {ergonomic}
   size_t MaxNewSize                               = 629145600                                 {product} {ergonomic}
   size_t MinHeapDeltaBytes                        = 1048576                                   {product} {ergonomic}
   size_t MinHeapSize                              = 8388608                                   {product} {ergonomic}
    uintx NonNMethodCodeHeapSize                   = 5832780                                {pd product} {ergonomic}
    uintx NonProfiledCodeHeapSize                  = 122912730                              {pd product} {ergonomic}
    uintx ProfiledCodeHeapSize                     = 122912730                              {pd product} {ergonomic}
    uintx ReservedCodeCacheSize                    = 251658240                              {pd product} {ergonomic}
     bool SegmentedCodeCache                       = true                                      {product} {ergonomic}
   size_t SoftMaxHeapSize                          = 1048576000                             {manageable} {ergonomic}
     bool UseCompressedClassPointers               = true                           {product lp64_product} {ergonomic}
     bool UseCompressedOops                        = true                           {product lp64_product} {ergonomic}
     bool UseG1GC                                  = true                                      {product} {ergonomic}
     bool UseLargePagesIndividualAllocation        = false                                  {pd product} {ergonomic}

Logging:
Log output configuration:
 #0: stdout all=warning uptime,level,tags
 #1: stderr all=off uptime,level,tags

Environment Variables:
JAVA_HOME=C:\Program Files\Java\jdk1.8.0_251
PATH=C:\Users\hp\Desktop\Enset_1_bdcc\semestre3\theorie_language\tp\flex\GnuWin32\bin;C:\Users\hp\Desktop\Enset_1_bdcc\semestre3\theorie_language\tp\flex\GnuWin32\share\bison;C:\MinGW\bin;C:\Program Files (x86)\GnuWin32\bin;C:\Program Files (x86)\VMware\VMware Workstation\bin\;C:\Users\hp\Downloads\jdk-17.0.8_windows-x64_bin\jdk-17.0.8\bin;C:\Users\hp\Desktop\WINDOWS.X64_193000_db_home\bin;C:\Program Files (x86)\Common Files\Oracle\Java\javapath;C:\app\hp\product\21c\dbhomeXE\bin;C:\WINDOWS\system32;C:\WINDOWS;C:\WINDOWS\System32\Wbem;C:\WINDOWS\System32\WindowsPowerShell\v1.0\;C:\WINDOWS\System32\OpenSSH\;C:\Program Files\Git\cmd;C:\Program Files\Java\jdk1.8.0_202\bin;C:\Program Files\Java\jdk1.8.0_251\bin;C:\Program Files\Java\jre1.8.0_301\bin;C:\Program Files\gnuplot\bin;C:\Program Files\nodejs\;C:\ProgramData\chocolatey\bin;C:\Program Files\MongoDB\Server\7.0\bin;C:\mongosh-2.0.2-win32-x64\mongosh-2.0.2-win32-x64\bin;C:\Program Files\GnuWin32\bin;C:\Users\hp\Downloads\bison-3.8;C:\Program Files (x86)\flex\GnuWin32\bin;C:\Program Files (x86)\flex\GnuWin32\share\bison;;C:\Program Files\Docker\Docker\resources\bin;C:\Users\hp\Desktop\Enset_1_bdcc\semestre3\theorie_language\tp\flex\GnuWin32\bin;C:\Users\hp\Desktop\Enset_1_bdcc\semestre3\theorie_language\tp\flex\GnuWin32\share\bison;C:\MinGW\bin;C:\Users\hp\AppData\Local\Programs\Python\Python310\Scripts\;C:\Users\hp\AppData\Local\Programs\Python\Python310\;C:\Users\hp\AppData\Local\Microsoft\WindowsApps;C:\Users\hp\AppData\Local\Programs\Microsoft VS Code\bin;C:\Program Files\Java\jdk1.8.0_202\bin;C:\MinGW\bin;C:\Users\hp\AppData\Roaming\npm;C:\Program Files\JetBrains\IntelliJ IDEA 2023.2.2\bin;;C:\Program Files (x86)\flex\GnuWin32\bin;C:\Users\hp\Downloads\bison-3.8;C:\Program Files (x86)\flex\GnuWin32\bin;C:\Program Files (x86)\flex\GnuWin32\share\bison;C:\Program Files\MongoDB\Server\7.0\bin;C:\Users\hp\AppData\Local\Programs\mongosh\
USERNAME=hp
OS=Windows_NT
PROCESSOR_IDENTIFIER=Intel64 Family 6 Model 69 Stepping 1, GenuineIntel



---------------  S Y S T E M  ---------------

OS:
 Windows 10 , 64 bit Build 19041 (10.0.19041.3636)
OS uptime: 2 days 0:47 hours
Hyper-V role detected

CPU: total 4 (initial active 4) (2 cores per cpu, 2 threads per core) family 6 model 69 stepping 1 microcode 0x25, cx8, cmov, fxsr, ht, mmx, sse, sse2, sse3, ssse3, sse4.1, sse4.2, popcnt, lzcnt, tsc, tscinvbit, avx, avx2, aes, erms, clmul, bmi1, bmi2, fma, vzeroupper, clflush, hv

Memory: 4k page, system-wide physical 3993M (112M free)
TotalPageFile size 16281M (AvailPageFile size 2M)
current process WorkingSet (physical memory assigned to process): 57M, peak: 57M
current process commit charge ("private bytes"): 144M, peak: 144M

vm_info: Java HotSpot(TM) 64-Bit Server VM (17.0.8+9-LTS-211) for windows-amd64 JRE (17.0.8+9-LTS-211), built on Jun 14 2023 10:34:31 by "mach5one" with MS VC++ 17.1 (VS2022)

END.
